/*C13*/SET SCHEMA PUBLIC
DISCONNECT
/*C14*/SET SCHEMA PUBLIC
DISCONNECT
/*C15*/SET SCHEMA PUBLIC
INSERT INTO DOGTABLE VALUES(43,'DBtestDog1522076832056','2018-03-26 00:00:00.000000',65.0E0,40.0E0)
COMMIT
DISCONNECT
/*C16*/SET SCHEMA PUBLIC
DISCONNECT
/*C17*/SET SCHEMA PUBLIC
INSERT INTO DOGTABLE VALUES(44,'DBtestDog1522076832166','2018-03-26 00:00:00.000000',65.0E0,40.0E0)
COMMIT
DISCONNECT
/*C18*/SET SCHEMA PUBLIC
DELETE FROM DOGTABLE WHERE ID=44
COMMIT
DISCONNECT
/*C19*/SET SCHEMA PUBLIC
DISCONNECT
/*C20*/SET SCHEMA PUBLIC
INSERT INTO DOGTABLE VALUES(45,'DBtestDog1522076832217','2018-03-26 00:00:00.000000',65.0E0,40.0E0)
COMMIT
DISCONNECT
/*C21*/SET SCHEMA PUBLIC
DISCONNECT
/*C22*/SET SCHEMA PUBLIC
INSERT INTO DOGTABLE VALUES(46,'DBtestDog1522076832228','2018-03-26 00:00:00.000000',65.0E0,40.0E0)
COMMIT
DISCONNECT
/*C23*/SET SCHEMA PUBLIC
DISCONNECT
