/*C15*/SET SCHEMA PUBLIC
DISCONNECT
/*C16*/SET SCHEMA PUBLIC
DISCONNECT
/*C17*/SET SCHEMA PUBLIC
DISCONNECT
/*C18*/SET SCHEMA PUBLIC
INSERT INTO DOGTABLE VALUES(16,'Dog1520953950773','2018-03-13',35.0E0,23.0E0)
COMMIT
DISCONNECT
/*C19*/SET SCHEMA PUBLIC
DISCONNECT
/*C20*/SET SCHEMA PUBLIC
DISCONNECT
/*C21*/SET SCHEMA PUBLIC
DISCONNECT
/*C22*/SET SCHEMA PUBLIC
INSERT INTO DOGTABLE VALUES(17,'Dog1520954485815','2018-03-13',35.0E0,23.0E0)
COMMIT
DISCONNECT
/*C23*/SET SCHEMA PUBLIC
DISCONNECT
/*C24*/SET SCHEMA PUBLIC
INSERT INTO DOGTABLE VALUES(18,'Dog1520954631907','2018-03-13',35.0E0,23.0E0)
COMMIT
DISCONNECT
/*C25*/SET SCHEMA PUBLIC
DISCONNECT
/*C26*/SET SCHEMA PUBLIC
DISCONNECT
/*C27*/SET SCHEMA PUBLIC
DISCONNECT
/*C28*/SET SCHEMA PUBLIC
DELETE FROM DOGTABLE WHERE ID=18
INSERT INTO DOGTABLE VALUES(18,'Updated dog name','2018-03-13',35.0E0,23.0E0)
COMMIT
DISCONNECT
/*C29*/SET SCHEMA PUBLIC
DELETE FROM DOGTABLE WHERE ID=18
COMMIT
DISCONNECT
/*C30*/SET SCHEMA PUBLIC
DISCONNECT
/*C31*/SET SCHEMA PUBLIC
DISCONNECT
/*C32*/SET SCHEMA PUBLIC
DISCONNECT
/*C33*/SET SCHEMA PUBLIC
DISCONNECT
/*C34*/SET SCHEMA PUBLIC
INSERT INTO DOGTABLE VALUES(19,'Dog1520956415228','2018-03-13',35.0E0,23.0E0)
COMMIT
DISCONNECT
/*C35*/SET SCHEMA PUBLIC
DISCONNECT
/*C36*/SET SCHEMA PUBLIC
DISCONNECT
/*C37*/SET SCHEMA PUBLIC
INSERT INTO DOGTABLE VALUES(20,'Dog1520956462829','2018-03-13',35.0E0,23.0E0)
COMMIT
DISCONNECT
/*C38*/SET SCHEMA PUBLIC
DISCONNECT
/*C39*/SET SCHEMA PUBLIC
INSERT INTO DOGTABLE VALUES(21,'Dog1520956555753','2018-03-13',35.0E0,23.0E0)
COMMIT
DISCONNECT
/*C40*/SET SCHEMA PUBLIC
DISCONNECT
/*C41*/SET SCHEMA PUBLIC
DISCONNECT
/*C42*/SET SCHEMA PUBLIC
DISCONNECT
/*C43*/SET SCHEMA PUBLIC
DELETE FROM DOGTABLE WHERE ID=21
INSERT INTO DOGTABLE VALUES(21,'Updated dog name','2018-03-13',35.0E0,23.0E0)
COMMIT
DISCONNECT
/*C44*/SET SCHEMA PUBLIC
DISCONNECT
/*C45*/SET SCHEMA PUBLIC
DISCONNECT
/*C46*/SET SCHEMA PUBLIC
DISCONNECT
/*C47*/SET SCHEMA PUBLIC
INSERT INTO DOGTABLE VALUES(22,'Dog1520956677312','2018-03-13',35.0E0,23.0E0)
COMMIT
DISCONNECT
/*C48*/SET SCHEMA PUBLIC
DELETE FROM DOGTABLE WHERE ID=22
COMMIT
DISCONNECT
/*C49*/SET SCHEMA PUBLIC
DISCONNECT
