/*C5*/SET SCHEMA PUBLIC
DISCONNECT
/*C6*/SET SCHEMA PUBLIC
DISCONNECT
/*C7*/SET SCHEMA PUBLIC
INSERT INTO DOGTABLE VALUES(11,'DBtestDog1521539594022','2018-03-20 00:00:00.000000',65.0E0,40.0E0)
COMMIT
DISCONNECT
/*C8*/SET SCHEMA PUBLIC
DISCONNECT
/*C9*/SET SCHEMA PUBLIC
INSERT INTO DOGTABLE VALUES(12,'DBtestDog1521539594125','2018-03-20 00:00:00.000000',65.0E0,40.0E0)
COMMIT
DISCONNECT
/*C10*/SET SCHEMA PUBLIC
DELETE FROM DOGTABLE WHERE ID=12
COMMIT
DISCONNECT
/*C11*/SET SCHEMA PUBLIC
DISCONNECT
/*C12*/SET SCHEMA PUBLIC
INSERT INTO DOGTABLE VALUES(13,'DBtestDog1521539594209','2018-03-20 00:00:00.000000',65.0E0,40.0E0)
COMMIT
DISCONNECT
/*C13*/SET SCHEMA PUBLIC
DISCONNECT
/*C14*/SET SCHEMA PUBLIC
INSERT INTO DOGTABLE VALUES(14,'DBtestDog1521539594244','2018-03-20 00:00:00.000000',65.0E0,40.0E0)
COMMIT
DISCONNECT
/*C15*/SET SCHEMA PUBLIC
DISCONNECT
